<?xml version="1.0" encoding="UTF-8"?>
<testsuite xmlns:xsi="http://www.w3.org/2001/XMLSchema-instance" xsi:noNamespaceSchemaLocation="https://maven.apache.org/surefire/maven-surefire-plugin/xsd/surefire-test-report.xsd" version="3.0.2" name="com.quniao.QuniaoApplicationTests" time="2.312" tests="1" errors="0" skipped="0" failures="0">
  <properties>
    <property name="java.specification.version" value="17"/>
    <property name="sun.cpu.isalist" value="amd64"/>
    <property name="sun.jnu.encoding" value="GBK"/>
    <property name="java.class.path" value="D:\code\Java\spring-web\quniao\target\test-classes;D:\code\Java\spring-web\quniao\target\classes;D:\Maven\apache-maven-3.9.6\resp\org\springframework\boot\spring-boot-starter-web\3.4.4\spring-boot-starter-web-3.4.4.jar;D:\Maven\apache-maven-3.9.6\resp\org\springframework\boot\spring-boot-starter\3.4.4\spring-boot-starter-3.4.4.jar;D:\Maven\apache-maven-3.9.6\resp\org\springframework\boot\spring-boot\3.4.4\spring-boot-3.4.4.jar;D:\Maven\apache-maven-3.9.6\resp\org\springframework\boot\spring-boot-autoconfigure\3.4.4\spring-boot-autoconfigure-3.4.4.jar;D:\Maven\apache-maven-3.9.6\resp\org\springframework\boot\spring-boot-starter-logging\3.4.4\spring-boot-starter-logging-3.4.4.jar;D:\Maven\apache-maven-3.9.6\resp\ch\qos\logback\logback-classic\1.5.18\logback-classic-1.5.18.jar;D:\Maven\apache-maven-3.9.6\resp\ch\qos\logback\logback-core\1.5.18\logback-core-1.5.18.jar;D:\Maven\apache-maven-3.9.6\resp\org\apache\logging\log4j\log4j-to-slf4j\2.24.3\log4j-to-slf4j-2.24.3.jar;D:\Maven\apache-maven-3.9.6\resp\org\apache\logging\log4j\log4j-api\2.24.3\log4j-api-2.24.3.jar;D:\Maven\apache-maven-3.9.6\resp\org\slf4j\jul-to-slf4j\2.0.17\jul-to-slf4j-2.0.17.jar;D:\Maven\apache-maven-3.9.6\resp\jakarta\annotation\jakarta.annotation-api\2.1.1\jakarta.annotation-api-2.1.1.jar;D:\Maven\apache-maven-3.9.6\resp\org\yaml\snakeyaml\2.3\snakeyaml-2.3.jar;D:\Maven\apache-maven-3.9.6\resp\org\springframework\boot\spring-boot-starter-json\3.4.4\spring-boot-starter-json-3.4.4.jar;D:\Maven\apache-maven-3.9.6\resp\com\fasterxml\jackson\core\jackson-databind\2.18.3\jackson-databind-2.18.3.jar;D:\Maven\apache-maven-3.9.6\resp\com\fasterxml\jackson\core\jackson-annotations\2.18.3\jackson-annotations-2.18.3.jar;D:\Maven\apache-maven-3.9.6\resp\com\fasterxml\jackson\core\jackson-core\2.18.3\jackson-core-2.18.3.jar;D:\Maven\apache-maven-3.9.6\resp\com\fasterxml\jackson\datatype\jackson-datatype-jdk8\2.18.3\jackson-datatype-jdk8-2.18.3.jar;D:\Maven\apache-maven-3.9.6\resp\com\fasterxml\jackson\datatype\jackson-datatype-jsr310\2.18.3\jackson-datatype-jsr310-2.18.3.jar;D:\Maven\apache-maven-3.9.6\resp\com\fasterxml\jackson\module\jackson-module-parameter-names\2.18.3\jackson-module-parameter-names-2.18.3.jar;D:\Maven\apache-maven-3.9.6\resp\org\springframework\boot\spring-boot-starter-tomcat\3.4.4\spring-boot-starter-tomcat-3.4.4.jar;D:\Maven\apache-maven-3.9.6\resp\org\apache\tomcat\embed\tomcat-embed-core\10.1.39\tomcat-embed-core-10.1.39.jar;D:\Maven\apache-maven-3.9.6\resp\org\apache\tomcat\embed\tomcat-embed-el\10.1.39\tomcat-embed-el-10.1.39.jar;D:\Maven\apache-maven-3.9.6\resp\org\apache\tomcat\embed\tomcat-embed-websocket\10.1.39\tomcat-embed-websocket-10.1.39.jar;D:\Maven\apache-maven-3.9.6\resp\org\springframework\spring-web\6.2.5\spring-web-6.2.5.jar;D:\Maven\apache-maven-3.9.6\resp\org\springframework\spring-beans\6.2.5\spring-beans-6.2.5.jar;D:\Maven\apache-maven-3.9.6\resp\io\micrometer\micrometer-observation\1.14.5\micrometer-observation-1.14.5.jar;D:\Maven\apache-maven-3.9.6\resp\io\micrometer\micrometer-commons\1.14.5\micrometer-commons-1.14.5.jar;D:\Maven\apache-maven-3.9.6\resp\org\springframework\spring-webmvc\6.2.5\spring-webmvc-6.2.5.jar;D:\Maven\apache-maven-3.9.6\resp\org\springframework\spring-aop\6.2.5\spring-aop-6.2.5.jar;D:\Maven\apache-maven-3.9.6\resp\org\springframework\spring-context\6.2.5\spring-context-6.2.5.jar;D:\Maven\apache-maven-3.9.6\resp\org\springframework\spring-expression\6.2.5\spring-expression-6.2.5.jar;D:\Maven\apache-maven-3.9.6\resp\org\projectlombok\lombok\1.18.36\lombok-1.18.36.jar;D:\Maven\apache-maven-3.9.6\resp\org\springframework\boot\spring-boot-starter-test\3.4.4\spring-boot-starter-test-3.4.4.jar;D:\Maven\apache-maven-3.9.6\resp\org\springframework\boot\spring-boot-test\3.4.4\spring-boot-test-3.4.4.jar;D:\Maven\apache-maven-3.9.6\resp\org\springframework\boot\spring-boot-test-autoconfigure\3.4.4\spring-boot-test-autoconfigure-3.4.4.jar;D:\Maven\apache-maven-3.9.6\resp\com\jayway\jsonpath\json-path\2.9.0\json-path-2.9.0.jar;D:\Maven\apache-maven-3.9.6\resp\org\slf4j\slf4j-api\2.0.17\slf4j-api-2.0.17.jar;D:\Maven\apache-maven-3.9.6\resp\jakarta\xml\bind\jakarta.xml.bind-api\4.0.2\jakarta.xml.bind-api-4.0.2.jar;D:\Maven\apache-maven-3.9.6\resp\jakarta\activation\jakarta.activation-api\2.1.3\jakarta.activation-api-2.1.3.jar;D:\Maven\apache-maven-3.9.6\resp\net\minidev\json-smart\2.5.2\json-smart-2.5.2.jar;D:\Maven\apache-maven-3.9.6\resp\net\minidev\accessors-smart\2.5.2\accessors-smart-2.5.2.jar;D:\Maven\apache-maven-3.9.6\resp\org\ow2\asm\asm\9.7.1\asm-9.7.1.jar;D:\Maven\apache-maven-3.9.6\resp\org\assertj\assertj-core\3.26.3\assertj-core-3.26.3.jar;D:\Maven\apache-maven-3.9.6\resp\net\bytebuddy\byte-buddy\1.15.11\byte-buddy-1.15.11.jar;D:\Maven\apache-maven-3.9.6\resp\org\awaitility\awaitility\4.2.2\awaitility-4.2.2.jar;D:\Maven\apache-maven-3.9.6\resp\org\hamcrest\hamcrest\2.2\hamcrest-2.2.jar;D:\Maven\apache-maven-3.9.6\resp\org\junit\jupiter\junit-jupiter\5.11.4\junit-jupiter-5.11.4.jar;D:\Maven\apache-maven-3.9.6\resp\org\junit\jupiter\junit-jupiter-api\5.11.4\junit-jupiter-api-5.11.4.jar;D:\Maven\apache-maven-3.9.6\resp\org\opentest4j\opentest4j\1.3.0\opentest4j-1.3.0.jar;D:\Maven\apache-maven-3.9.6\resp\org\junit\platform\junit-platform-commons\1.11.4\junit-platform-commons-1.11.4.jar;D:\Maven\apache-maven-3.9.6\resp\org\apiguardian\apiguardian-api\1.1.2\apiguardian-api-1.1.2.jar;D:\Maven\apache-maven-3.9.6\resp\org\junit\jupiter\junit-jupiter-params\5.11.4\junit-jupiter-params-5.11.4.jar;D:\Maven\apache-maven-3.9.6\resp\org\junit\jupiter\junit-jupiter-engine\5.11.4\junit-jupiter-engine-5.11.4.jar;D:\Maven\apache-maven-3.9.6\resp\org\junit\platform\junit-platform-engine\1.11.4\junit-platform-engine-1.11.4.jar;D:\Maven\apache-maven-3.9.6\resp\org\mockito\mockito-core\5.14.2\mockito-core-5.14.2.jar;D:\Maven\apache-maven-3.9.6\resp\net\bytebuddy\byte-buddy-agent\1.15.11\byte-buddy-agent-1.15.11.jar;D:\Maven\apache-maven-3.9.6\resp\org\objenesis\objenesis\3.3\objenesis-3.3.jar;D:\Maven\apache-maven-3.9.6\resp\org\mockito\mockito-junit-jupiter\5.14.2\mockito-junit-jupiter-5.14.2.jar;D:\Maven\apache-maven-3.9.6\resp\org\skyscreamer\jsonassert\1.5.3\jsonassert-1.5.3.jar;D:\Maven\apache-maven-3.9.6\resp\com\vaadin\external\google\android-json\0.0.20131108.vaadin1\android-json-0.0.20131108.vaadin1.jar;D:\Maven\apache-maven-3.9.6\resp\org\springframework\spring-core\6.2.5\spring-core-6.2.5.jar;D:\Maven\apache-maven-3.9.6\resp\org\springframework\spring-jcl\6.2.5\spring-jcl-6.2.5.jar;D:\Maven\apache-maven-3.9.6\resp\org\springframework\spring-test\6.2.5\spring-test-6.2.5.jar;D:\Maven\apache-maven-3.9.6\resp\org\xmlunit\xmlunit-core\2.10.0\xmlunit-core-2.10.0.jar;D:\Maven\apache-maven-3.9.6\resp\org\mybatis\spring\boot\mybatis-spring-boot-starter-test\3.0.4\mybatis-spring-boot-starter-test-3.0.4.jar;D:\Maven\apache-maven-3.9.6\resp\org\mybatis\spring\boot\mybatis-spring-boot-test-autoconfigure\3.0.4\mybatis-spring-boot-test-autoconfigure-3.0.4.jar;D:\Maven\apache-maven-3.9.6\resp\org\springframework\spring-tx\6.2.5\spring-tx-6.2.5.jar;D:\Maven\apache-maven-3.9.6\resp\com\aliyun\iot20180120\6.0.0\iot20180120-6.0.0.jar;D:\Maven\apache-maven-3.9.6\resp\com\aliyun\tea-util\0.2.23\tea-util-0.2.23.jar;D:\Maven\apache-maven-3.9.6\resp\com\google\code\gson\gson\2.11.0\gson-2.11.0.jar;D:\Maven\apache-maven-3.9.6\resp\com\google\errorprone\error_prone_annotations\2.27.0\error_prone_annotations-2.27.0.jar;D:\Maven\apache-maven-3.9.6\resp\com\aliyun\tea-openapi\0.3.6\tea-openapi-0.3.6.jar;D:\Maven\apache-maven-3.9.6\resp\com\aliyun\credentials-java\0.3.10\credentials-java-0.3.10.jar;D:\Maven\apache-maven-3.9.6\resp\org\ini4j\ini4j\0.5.4\ini4j-0.5.4.jar;D:\Maven\apache-maven-3.9.6\resp\javax\xml\bind\jaxb-api\2.3.0\jaxb-api-2.3.0.jar;D:\Maven\apache-maven-3.9.6\resp\com\sun\xml\bind\jaxb-core\4.0.5\jaxb-core-4.0.5.jar;D:\Maven\apache-maven-3.9.6\resp\org\eclipse\angus\angus-activation\2.0.2\angus-activation-2.0.2.jar;D:\Maven\apache-maven-3.9.6\resp\com\sun\xml\bind\jaxb-impl\4.0.5\jaxb-impl-4.0.5.jar;D:\Maven\apache-maven-3.9.6\resp\com\aliyun\alibabacloud-gateway-spi\0.0.2\alibabacloud-gateway-spi-0.0.2.jar;D:\Maven\apache-maven-3.9.6\resp\com\aliyun\tea-xml\0.1.6\tea-xml-0.1.6.jar;D:\Maven\apache-maven-3.9.6\resp\org\dom4j\dom4j\2.0.3\dom4j-2.0.3.jar;D:\Maven\apache-maven-3.9.6\resp\org\jacoco\org.jacoco.agent\0.8.4\org.jacoco.agent-0.8.4-runtime.jar;D:\Maven\apache-maven-3.9.6\resp\com\aliyun\openapiutil\0.2.2\openapiutil-0.2.2.jar;D:\Maven\apache-maven-3.9.6\resp\org\bouncycastle\bcprov-jdk18on\1.78.1\bcprov-jdk18on-1.78.1.jar;D:\Maven\apache-maven-3.9.6\resp\commons-codec\commons-codec\1.17.2\commons-codec-1.17.2.jar;D:\Maven\apache-maven-3.9.6\resp\com\aliyun\endpoint-util\0.0.7\endpoint-util-0.0.7.jar;D:\Maven\apache-maven-3.9.6\resp\com\aliyun\tea\1.3.1\tea-1.3.1.jar;D:\Maven\apache-maven-3.9.6\resp\com\squareup\okhttp3\okhttp\3.12.13\okhttp-3.12.13.jar;D:\Maven\apache-maven-3.9.6\resp\com\squareup\okio\okio\1.15.0\okio-1.15.0.jar;D:\Maven\apache-maven-3.9.6\resp\com\alibaba\fastjson\2.0.25\fastjson-2.0.25.jar;D:\Maven\apache-maven-3.9.6\resp\com\alibaba\fastjson2\fastjson2-extension\2.0.25\fastjson2-extension-2.0.25.jar;D:\Maven\apache-maven-3.9.6\resp\com\alibaba\fastjson2\fastjson2\2.0.25\fastjson2-2.0.25.jar;D:\Maven\apache-maven-3.9.6\resp\org\springframework\boot\spring-boot-starter-integration\3.4.4\spring-boot-starter-integration-3.4.4.jar;D:\Maven\apache-maven-3.9.6\resp\org\springframework\integration\spring-integration-core\6.4.3\spring-integration-core-6.4.3.jar;D:\Maven\apache-maven-3.9.6\resp\org\springframework\spring-messaging\6.2.5\spring-messaging-6.2.5.jar;D:\Maven\apache-maven-3.9.6\resp\org\springframework\retry\spring-retry\2.0.11\spring-retry-2.0.11.jar;D:\Maven\apache-maven-3.9.6\resp\io\projectreactor\reactor-core\3.7.4\reactor-core-3.7.4.jar;D:\Maven\apache-maven-3.9.6\resp\org\reactivestreams\reactive-streams\1.0.4\reactive-streams-1.0.4.jar;D:\Maven\apache-maven-3.9.6\resp\org\springframework\integration\spring-integration-stream\6.4.3\spring-integration-stream-6.4.3.jar;D:\Maven\apache-maven-3.9.6\resp\org\springframework\integration\spring-integration-mqtt\6.4.3\spring-integration-mqtt-6.4.3.jar;D:\Maven\apache-maven-3.9.6\resp\org\eclipse\paho\org.eclipse.paho.client.mqttv3\1.2.5\org.eclipse.paho.client.mqttv3-1.2.5.jar;"/>
    <property name="java.vm.vendor" value="Oracle Corporation"/>
    <property name="sun.arch.data.model" value="64"/>
    <property name="user.variant" value=""/>
    <property name="java.vendor.url" value="https://java.oracle.com/"/>
    <property name="user.timezone" value="Asia/Shanghai"/>
    <property name="os.name" value="Windows 11"/>
    <property name="java.vm.specification.version" value="17"/>
    <property name="APPLICATION_NAME" value="quniao"/>
    <property name="sun.java.launcher" value="SUN_STANDARD"/>
    <property name="user.country" value="CN"/>
    <property name="sun.boot.library.path" value="D:\develop\jdk-17\bin"/>
    <property name="sun.java.command" value="C:\Users\神秘理科男\AppData\Local\Temp\surefire10104538071051653742\surefirebooter-20250502213455384_3.jar C:\Users\神秘理科男\AppData\Local\Temp\surefire10104538071051653742 2025-05-02T21-34-51_299-jvmRun1 surefire-20250502213455384_1tmp surefire_0-20250502213455384_2tmp"/>
    <property name="jdk.debug" value="release"/>
    <property name="surefire.test.class.path" value="D:\code\Java\spring-web\quniao\target\test-classes;D:\code\Java\spring-web\quniao\target\classes;D:\Maven\apache-maven-3.9.6\resp\org\springframework\boot\spring-boot-starter-web\3.4.4\spring-boot-starter-web-3.4.4.jar;D:\Maven\apache-maven-3.9.6\resp\org\springframework\boot\spring-boot-starter\3.4.4\spring-boot-starter-3.4.4.jar;D:\Maven\apache-maven-3.9.6\resp\org\springframework\boot\spring-boot\3.4.4\spring-boot-3.4.4.jar;D:\Maven\apache-maven-3.9.6\resp\org\springframework\boot\spring-boot-autoconfigure\3.4.4\spring-boot-autoconfigure-3.4.4.jar;D:\Maven\apache-maven-3.9.6\resp\org\springframework\boot\spring-boot-starter-logging\3.4.4\spring-boot-starter-logging-3.4.4.jar;D:\Maven\apache-maven-3.9.6\resp\ch\qos\logback\logback-classic\1.5.18\logback-classic-1.5.18.jar;D:\Maven\apache-maven-3.9.6\resp\ch\qos\logback\logback-core\1.5.18\logback-core-1.5.18.jar;D:\Maven\apache-maven-3.9.6\resp\org\apache\logging\log4j\log4j-to-slf4j\2.24.3\log4j-to-slf4j-2.24.3.jar;D:\Maven\apache-maven-3.9.6\resp\org\apache\logging\log4j\log4j-api\2.24.3\log4j-api-2.24.3.jar;D:\Maven\apache-maven-3.9.6\resp\org\slf4j\jul-to-slf4j\2.0.17\jul-to-slf4j-2.0.17.jar;D:\Maven\apache-maven-3.9.6\resp\jakarta\annotation\jakarta.annotation-api\2.1.1\jakarta.annotation-api-2.1.1.jar;D:\Maven\apache-maven-3.9.6\resp\org\yaml\snakeyaml\2.3\snakeyaml-2.3.jar;D:\Maven\apache-maven-3.9.6\resp\org\springframework\boot\spring-boot-starter-json\3.4.4\spring-boot-starter-json-3.4.4.jar;D:\Maven\apache-maven-3.9.6\resp\com\fasterxml\jackson\core\jackson-databind\2.18.3\jackson-databind-2.18.3.jar;D:\Maven\apache-maven-3.9.6\resp\com\fasterxml\jackson\core\jackson-annotations\2.18.3\jackson-annotations-2.18.3.jar;D:\Maven\apache-maven-3.9.6\resp\com\fasterxml\jackson\core\jackson-core\2.18.3\jackson-core-2.18.3.jar;D:\Maven\apache-maven-3.9.6\resp\com\fasterxml\jackson\datatype\jackson-datatype-jdk8\2.18.3\jackson-datatype-jdk8-2.18.3.jar;D:\Maven\apache-maven-3.9.6\resp\com\fasterxml\jackson\datatype\jackson-datatype-jsr310\2.18.3\jackson-datatype-jsr310-2.18.3.jar;D:\Maven\apache-maven-3.9.6\resp\com\fasterxml\jackson\module\jackson-module-parameter-names\2.18.3\jackson-module-parameter-names-2.18.3.jar;D:\Maven\apache-maven-3.9.6\resp\org\springframework\boot\spring-boot-starter-tomcat\3.4.4\spring-boot-starter-tomcat-3.4.4.jar;D:\Maven\apache-maven-3.9.6\resp\org\apache\tomcat\embed\tomcat-embed-core\10.1.39\tomcat-embed-core-10.1.39.jar;D:\Maven\apache-maven-3.9.6\resp\org\apache\tomcat\embed\tomcat-embed-el\10.1.39\tomcat-embed-el-10.1.39.jar;D:\Maven\apache-maven-3.9.6\resp\org\apache\tomcat\embed\tomcat-embed-websocket\10.1.39\tomcat-embed-websocket-10.1.39.jar;D:\Maven\apache-maven-3.9.6\resp\org\springframework\spring-web\6.2.5\spring-web-6.2.5.jar;D:\Maven\apache-maven-3.9.6\resp\org\springframework\spring-beans\6.2.5\spring-beans-6.2.5.jar;D:\Maven\apache-maven-3.9.6\resp\io\micrometer\micrometer-observation\1.14.5\micrometer-observation-1.14.5.jar;D:\Maven\apache-maven-3.9.6\resp\io\micrometer\micrometer-commons\1.14.5\micrometer-commons-1.14.5.jar;D:\Maven\apache-maven-3.9.6\resp\org\springframework\spring-webmvc\6.2.5\spring-webmvc-6.2.5.jar;D:\Maven\apache-maven-3.9.6\resp\org\springframework\spring-aop\6.2.5\spring-aop-6.2.5.jar;D:\Maven\apache-maven-3.9.6\resp\org\springframework\spring-context\6.2.5\spring-context-6.2.5.jar;D:\Maven\apache-maven-3.9.6\resp\org\springframework\spring-expression\6.2.5\spring-expression-6.2.5.jar;D:\Maven\apache-maven-3.9.6\resp\org\projectlombok\lombok\1.18.36\lombok-1.18.36.jar;D:\Maven\apache-maven-3.9.6\resp\org\springframework\boot\spring-boot-starter-test\3.4.4\spring-boot-starter-test-3.4.4.jar;D:\Maven\apache-maven-3.9.6\resp\org\springframework\boot\spring-boot-test\3.4.4\spring-boot-test-3.4.4.jar;D:\Maven\apache-maven-3.9.6\resp\org\springframework\boot\spring-boot-test-autoconfigure\3.4.4\spring-boot-test-autoconfigure-3.4.4.jar;D:\Maven\apache-maven-3.9.6\resp\com\jayway\jsonpath\json-path\2.9.0\json-path-2.9.0.jar;D:\Maven\apache-maven-3.9.6\resp\org\slf4j\slf4j-api\2.0.17\slf4j-api-2.0.17.jar;D:\Maven\apache-maven-3.9.6\resp\jakarta\xml\bind\jakarta.xml.bind-api\4.0.2\jakarta.xml.bind-api-4.0.2.jar;D:\Maven\apache-maven-3.9.6\resp\jakarta\activation\jakarta.activation-api\2.1.3\jakarta.activation-api-2.1.3.jar;D:\Maven\apache-maven-3.9.6\resp\net\minidev\json-smart\2.5.2\json-smart-2.5.2.jar;D:\Maven\apache-maven-3.9.6\resp\net\minidev\accessors-smart\2.5.2\accessors-smart-2.5.2.jar;D:\Maven\apache-maven-3.9.6\resp\org\ow2\asm\asm\9.7.1\asm-9.7.1.jar;D:\Maven\apache-maven-3.9.6\resp\org\assertj\assertj-core\3.26.3\assertj-core-3.26.3.jar;D:\Maven\apache-maven-3.9.6\resp\net\bytebuddy\byte-buddy\1.15.11\byte-buddy-1.15.11.jar;D:\Maven\apache-maven-3.9.6\resp\org\awaitility\awaitility\4.2.2\awaitility-4.2.2.jar;D:\Maven\apache-maven-3.9.6\resp\org\hamcrest\hamcrest\2.2\hamcrest-2.2.jar;D:\Maven\apache-maven-3.9.6\resp\org\junit\jupiter\junit-jupiter\5.11.4\junit-jupiter-5.11.4.jar;D:\Maven\apache-maven-3.9.6\resp\org\junit\jupiter\junit-jupiter-api\5.11.4\junit-jupiter-api-5.11.4.jar;D:\Maven\apache-maven-3.9.6\resp\org\opentest4j\opentest4j\1.3.0\opentest4j-1.3.0.jar;D:\Maven\apache-maven-3.9.6\resp\org\junit\platform\junit-platform-commons\1.11.4\junit-platform-commons-1.11.4.jar;D:\Maven\apache-maven-3.9.6\resp\org\apiguardian\apiguardian-api\1.1.2\apiguardian-api-1.1.2.jar;D:\Maven\apache-maven-3.9.6\resp\org\junit\jupiter\junit-jupiter-params\5.11.4\junit-jupiter-params-5.11.4.jar;D:\Maven\apache-maven-3.9.6\resp\org\junit\jupiter\junit-jupiter-engine\5.11.4\junit-jupiter-engine-5.11.4.jar;D:\Maven\apache-maven-3.9.6\resp\org\junit\platform\junit-platform-engine\1.11.4\junit-platform-engine-1.11.4.jar;D:\Maven\apache-maven-3.9.6\resp\org\mockito\mockito-core\5.14.2\mockito-core-5.14.2.jar;D:\Maven\apache-maven-3.9.6\resp\net\bytebuddy\byte-buddy-agent\1.15.11\byte-buddy-agent-1.15.11.jar;D:\Maven\apache-maven-3.9.6\resp\org\objenesis\objenesis\3.3\objenesis-3.3.jar;D:\Maven\apache-maven-3.9.6\resp\org\mockito\mockito-junit-jupiter\5.14.2\mockito-junit-jupiter-5.14.2.jar;D:\Maven\apache-maven-3.9.6\resp\org\skyscreamer\jsonassert\1.5.3\jsonassert-1.5.3.jar;D:\Maven\apache-maven-3.9.6\resp\com\vaadin\external\google\android-json\0.0.20131108.vaadin1\android-json-0.0.20131108.vaadin1.jar;D:\Maven\apache-maven-3.9.6\resp\org\springframework\spring-core\6.2.5\spring-core-6.2.5.jar;D:\Maven\apache-maven-3.9.6\resp\org\springframework\spring-jcl\6.2.5\spring-jcl-6.2.5.jar;D:\Maven\apache-maven-3.9.6\resp\org\springframework\spring-test\6.2.5\spring-test-6.2.5.jar;D:\Maven\apache-maven-3.9.6\resp\org\xmlunit\xmlunit-core\2.10.0\xmlunit-core-2.10.0.jar;D:\Maven\apache-maven-3.9.6\resp\org\mybatis\spring\boot\mybatis-spring-boot-starter-test\3.0.4\mybatis-spring-boot-starter-test-3.0.4.jar;D:\Maven\apache-maven-3.9.6\resp\org\mybatis\spring\boot\mybatis-spring-boot-test-autoconfigure\3.0.4\mybatis-spring-boot-test-autoconfigure-3.0.4.jar;D:\Maven\apache-maven-3.9.6\resp\org\springframework\spring-tx\6.2.5\spring-tx-6.2.5.jar;D:\Maven\apache-maven-3.9.6\resp\com\aliyun\iot20180120\6.0.0\iot20180120-6.0.0.jar;D:\Maven\apache-maven-3.9.6\resp\com\aliyun\tea-util\0.2.23\tea-util-0.2.23.jar;D:\Maven\apache-maven-3.9.6\resp\com\google\code\gson\gson\2.11.0\gson-2.11.0.jar;D:\Maven\apache-maven-3.9.6\resp\com\google\errorprone\error_prone_annotations\2.27.0\error_prone_annotations-2.27.0.jar;D:\Maven\apache-maven-3.9.6\resp\com\aliyun\tea-openapi\0.3.6\tea-openapi-0.3.6.jar;D:\Maven\apache-maven-3.9.6\resp\com\aliyun\credentials-java\0.3.10\credentials-java-0.3.10.jar;D:\Maven\apache-maven-3.9.6\resp\org\ini4j\ini4j\0.5.4\ini4j-0.5.4.jar;D:\Maven\apache-maven-3.9.6\resp\javax\xml\bind\jaxb-api\2.3.0\jaxb-api-2.3.0.jar;D:\Maven\apache-maven-3.9.6\resp\com\sun\xml\bind\jaxb-core\4.0.5\jaxb-core-4.0.5.jar;D:\Maven\apache-maven-3.9.6\resp\org\eclipse\angus\angus-activation\2.0.2\angus-activation-2.0.2.jar;D:\Maven\apache-maven-3.9.6\resp\com\sun\xml\bind\jaxb-impl\4.0.5\jaxb-impl-4.0.5.jar;D:\Maven\apache-maven-3.9.6\resp\com\aliyun\alibabacloud-gateway-spi\0.0.2\alibabacloud-gateway-spi-0.0.2.jar;D:\Maven\apache-maven-3.9.6\resp\com\aliyun\tea-xml\0.1.6\tea-xml-0.1.6.jar;D:\Maven\apache-maven-3.9.6\resp\org\dom4j\dom4j\2.0.3\dom4j-2.0.3.jar;D:\Maven\apache-maven-3.9.6\resp\org\jacoco\org.jacoco.agent\0.8.4\org.jacoco.agent-0.8.4-runtime.jar;D:\Maven\apache-maven-3.9.6\resp\com\aliyun\openapiutil\0.2.2\openapiutil-0.2.2.jar;D:\Maven\apache-maven-3.9.6\resp\org\bouncycastle\bcprov-jdk18on\1.78.1\bcprov-jdk18on-1.78.1.jar;D:\Maven\apache-maven-3.9.6\resp\commons-codec\commons-codec\1.17.2\commons-codec-1.17.2.jar;D:\Maven\apache-maven-3.9.6\resp\com\aliyun\endpoint-util\0.0.7\endpoint-util-0.0.7.jar;D:\Maven\apache-maven-3.9.6\resp\com\aliyun\tea\1.3.1\tea-1.3.1.jar;D:\Maven\apache-maven-3.9.6\resp\com\squareup\okhttp3\okhttp\3.12.13\okhttp-3.12.13.jar;D:\Maven\apache-maven-3.9.6\resp\com\squareup\okio\okio\1.15.0\okio-1.15.0.jar;D:\Maven\apache-maven-3.9.6\resp\com\alibaba\fastjson\2.0.25\fastjson-2.0.25.jar;D:\Maven\apache-maven-3.9.6\resp\com\alibaba\fastjson2\fastjson2-extension\2.0.25\fastjson2-extension-2.0.25.jar;D:\Maven\apache-maven-3.9.6\resp\com\alibaba\fastjson2\fastjson2\2.0.25\fastjson2-2.0.25.jar;D:\Maven\apache-maven-3.9.6\resp\org\springframework\boot\spring-boot-starter-integration\3.4.4\spring-boot-starter-integration-3.4.4.jar;D:\Maven\apache-maven-3.9.6\resp\org\springframework\integration\spring-integration-core\6.4.3\spring-integration-core-6.4.3.jar;D:\Maven\apache-maven-3.9.6\resp\org\springframework\spring-messaging\6.2.5\spring-messaging-6.2.5.jar;D:\Maven\apache-maven-3.9.6\resp\org\springframework\retry\spring-retry\2.0.11\spring-retry-2.0.11.jar;D:\Maven\apache-maven-3.9.6\resp\io\projectreactor\reactor-core\3.7.4\reactor-core-3.7.4.jar;D:\Maven\apache-maven-3.9.6\resp\org\reactivestreams\reactive-streams\1.0.4\reactive-streams-1.0.4.jar;D:\Maven\apache-maven-3.9.6\resp\org\springframework\integration\spring-integration-stream\6.4.3\spring-integration-stream-6.4.3.jar;D:\Maven\apache-maven-3.9.6\resp\org\springframework\integration\spring-integration-mqtt\6.4.3\spring-integration-mqtt-6.4.3.jar;D:\Maven\apache-maven-3.9.6\resp\org\eclipse\paho\org.eclipse.paho.client.mqttv3\1.2.5\org.eclipse.paho.client.mqttv3-1.2.5.jar;"/>
    <property name="sun.cpu.endian" value="little"/>
    <property name="user.home" value="C:\Users\神秘理科男"/>
    <property name="user.language" value="zh"/>
    <property name="java.specification.vendor" value="Oracle Corporation"/>
    <property name="java.version.date" value="2023-10-17"/>
    <property name="java.home" value="D:\develop\jdk-17"/>
    <property name="file.separator" value="\"/>
    <property name="basedir" value="D:\code\Java\spring-web\quniao"/>
    <property name="java.vm.compressedOopsMode" value="Zero based"/>
    <property name="line.separator" value="&#10;"/>
    <property name="java.vm.specification.vendor" value="Oracle Corporation"/>
    <property name="java.specification.name" value="Java Platform API Specification"/>
    <property name="FILE_LOG_CHARSET" value="GBK"/>
    <property name="java.awt.headless" value="true"/>
    <property name="surefire.real.class.path" value="C:\Users\神秘理科男\AppData\Local\Temp\surefire10104538071051653742\surefirebooter-20250502213455384_3.jar"/>
    <property name="user.script" value=""/>
    <property name="sun.management.compiler" value="HotSpot 64-Bit Tiered Compilers"/>
    <property name="java.runtime.version" value="17.0.9+11-LTS-201"/>
    <property name="user.name" value="神秘理科男"/>
    <property name="path.separator" value=";"/>
    <property name="os.version" value="10.0"/>
    <property name="java.runtime.name" value="Java(TM) SE Runtime Environment"/>
    <property name="file.encoding" value="GBK"/>
    <property name="java.vm.name" value="Java HotSpot(TM) 64-Bit Server VM"/>
    <property name="localRepository" value="D:\Maven\apache-maven-3.9.6\resp"/>
    <property name="java.vendor.url.bug" value="https://bugreport.java.com/bugreport/"/>
    <property name="java.io.tmpdir" value="C:\Users\神秘理~1\AppData\Local\Temp\"/>
    <property name="idea.version" value="2024.1.1"/>
    <property name="java.version" value="17.0.9"/>
    <property name="user.dir" value="D:\code\Java\spring-web\quniao"/>
    <property name="os.arch" value="amd64"/>
    <property name="java.vm.specification.name" value="Java Virtual Machine Specification"/>
    <property name="PID" value="73152"/>
    <property name="sun.os.patch.level" value=""/>
    <property name="CONSOLE_LOG_CHARSET" value="GBK"/>
    <property name="native.encoding" value="GBK"/>
    <property name="java.library.path" value="D:\develop\jdk-17\bin;C:\Windows\Sun\Java\bin;C:\Windows\system32;C:\Windows;D:\VMware Workstation\bin\;C:\Program Files (x86)\Razer Chroma SDK\bin;C:\Program Files\Razer Chroma SDK\bin;C:\Program Files (x86)\Common Files\Intel\Shared Libraries\redist\intel64\compiler;D:\develop\jdk-17\bin;C:\Windows\system32;C:\Windows;C:\Windows\System32\Wbem;C:\Windows\System32\WindowsPowerShell\v1.0\;C:\Windows\System32\OpenSSH\;C:\Program Files (x86)\NVIDIA Corporation\PhysX\Common;C:\Program Files\NVIDIA Corporation\NVIDIA NvDLISR;C:\Program Files\mingw64\bin;D:\codeblock\CodeBlocks\MinGW\bin;C:\Program Files (x86)\Windows Kits\10\Windows Performance Toolkit\;D:\devc++\Dev-Cpp\MinGW64\bin;C:\Program Files\dotnet\;D:\mysql\mysql-8.3.0-winx64\bin;D:\Maven\apache-maven-3.9.6\bin;C:\Program Files (x86)\ZeroTier\One\;D:\NodeJs\;D:\develop\Git\cmd;D:\develop\微信web开发者工具\dll;D:\develop\gradle-8.9\bin;C:\Windows\system32\config\systemprofile\AppData\Local\Microsoft\WindowsApps;C:\Program Files (x86)\Razer\ChromaBroadcast\bin;C:\Program Files\Razer\ChromaBroadcast\bin;D:\develop\python3.12.6\Scripts\;D:\develop\python3.12.6\;C:\Users\神秘理科男\AppData\Local\Microsoft\WindowsApps;C:\Users\神秘理科男\AppData\Local\Programs\Microsoft VS Code\bin;C:\Users\神秘理科男\AppData\Roaming\npm;D:\develop\PyCharm 2024.2.1\bin;D:\xhell8\;D:\develop\xftp\;D:\develop\matlab\bin;D:\LINGO64_21\;D:\develop\python3.12.6\Scripts\;D:\develop\python3.12.6\;C:\Users\神秘理科男\AppData\Local\Microsoft\WindowsApps;;C:\Users\神秘理科男\AppData\Local\Programs\Microsoft VS Code\bin;C:\Users\神秘理科男\AppData\Roaming\npm;D:\develop\PyCharm 2024.2.1\bin;;D:\develop\DevEco Studio\bin;;."/>
    <property name="java.vm.info" value="mixed mode, sharing"/>
    <property name="java.vendor" value="Oracle Corporation"/>
    <property name="java.vm.version" value="17.0.9+11-LTS-201"/>
    <property name="sun.io.unicode.encoding" value="UnicodeLittle"/>
    <property name="java.class.version" value="61.0"/>
    <property name="LOGGED_APPLICATION_NAME" value="[quniao] "/>
  </properties>
  <testcase name="contextLoads" classname="com.quniao.QuniaoApplicationTests" time="0.504">
    <system-out><![CDATA[21:34:55.857 [main] INFO org.springframework.test.context.support.AnnotationConfigContextLoaderUtils -- Could not detect default configuration classes for test class [com.quniao.QuniaoApplicationTests]: QuniaoApplicationTests does not declare any static, non-private, non-final, nested classes annotated with @Configuration.
21:34:55.924 [main] INFO org.springframework.boot.test.context.SpringBootTestContextBootstrapper -- Found @SpringBootConfiguration com.quniao.QuniaoApplication for test class com.quniao.QuniaoApplicationTests

  .   ____          _            __ _ _
 /\\ / ___'_ __ _ _(_)_ __  __ _ \ \ \ \
( ( )\___ | '_ | '_| | '_ \/ _` | \ \ \ \
 \\/  ___)| |_)| | | | | || (_| |  ) ) ) )
  '  |____| .__|_| |_|_| |_\__, | / / / /
 =========|_|==============|___/=/_/_/_/

 :: Spring Boot ::                (v3.4.4)

2025-05-02T21:34:56.229+08:00  INFO 73152 --- [quniao] [           main] com.quniao.QuniaoApplicationTests        : Starting QuniaoApplicationTests using Java 17.0.9 with PID 73152 (started by 神秘理科男 in D:\code\Java\spring-web\quniao)
2025-05-02T21:34:56.230+08:00  INFO 73152 --- [quniao] [           main] com.quniao.QuniaoApplicationTests        : No active profile set, falling back to 1 default profile: "default"
2025-05-02T21:34:56.684+08:00  INFO 73152 --- [quniao] [           main] faultConfiguringBeanFactoryPostProcessor : No bean named 'errorChannel' has been explicitly defined. Therefore, a default PublishSubscribeChannel will be created.
2025-05-02T21:34:56.694+08:00  INFO 73152 --- [quniao] [           main] faultConfiguringBeanFactoryPostProcessor : No bean named 'integrationHeaderChannelRegistry' has been explicitly defined. Therefore, a default DefaultHeaderChannelRegistry will be created.
2025-05-02T21:34:57.552+08:00  INFO 73152 --- [quniao] [           main] o.s.i.endpoint.EventDrivenConsumer       : Adding {logging-channel-adapter:_org.springframework.integration.errorLogger} as a subscriber to the 'errorChannel' channel
2025-05-02T21:34:57.553+08:00  INFO 73152 --- [quniao] [           main] o.s.i.channel.PublishSubscribeChannel    : Channel 'quniao.errorChannel' has 1 subscriber(s).
2025-05-02T21:34:57.553+08:00  INFO 73152 --- [quniao] [           main] o.s.i.endpoint.EventDrivenConsumer       : started bean '_org.springframework.integration.errorLogger'
2025-05-02T21:34:57.558+08:00  INFO 73152 --- [quniao] [           main] com.quniao.QuniaoApplicationTests        : Started QuniaoApplicationTests in 1.533 seconds (process running for 2.111)
]]></system-out>
  </testcase>
</testsuite>